<?xml version="1.0" encoding="UTF-8"?>
<!-- Generated by org.testng.reporters.JUnitReportReporter -->
<testsuite hostname="LAPTOP-F6VET88B" failures="0" tests="2" name="Runners.TestRunner" time="27.072" errors="0" timestamp="2024-02-17T00:15:58 EST" skipped="0">
  <testcase classname="Runners.TestRunner" name="runScenario" time="13.295"/>
  <testcase classname="Runners.TestRunner" name="runScenario" time="13.777"/>
</testsuite> <!-- Runners.TestRunner -->
